C:\USERS\STEVEN\DOCUMENTS\FYP_PROGRAMS\BINARYHANDDETECTIONV2\X64\DEBUG\MAIN.OBJ
C:\USERS\STEVEN\DOCUMENTS\FYP_PROGRAMS\BINARYHANDDETECTIONV2\X64\DEBUG\VIEWER.OBJ
C:\USERS\STEVEN\DOCUMENTS\FYP_PROGRAMS\BINARYHANDDETECTIONV2\X64\DEBUG\VC110.PDB
C:\USERS\STEVEN\DOCUMENTS\FYP_PROGRAMS\BINARYHANDDETECTIONV2\X64\DEBUG\FYPDEPTHVIEWER.ILK
C:\USERS\STEVEN\DOCUMENTS\FYP_PROGRAMS\BINARYHANDDETECTIONV2\X64\DEBUG\FYPDEPTHVIEWER.EXE
C:\USERS\STEVEN\DOCUMENTS\FYP_PROGRAMS\BINARYHANDDETECTIONV2\X64\DEBUG\FYPDEPTHVIEWER.PDB
C:\Users\Steven\Documents\FYP_Programs\BinaryHandDetectionV2\x64\Debug\main.obj
C:\Users\Steven\Documents\FYP_Programs\BinaryHandDetectionV2\x64\Debug\Viewer.obj
C:\Users\Steven\Documents\FYP_Programs\BinaryHandDetectionV2\x64\Debug\FYPDepthViewer.ilk
C:\Users\Steven\Documents\FYP_Programs\BinaryHandDetectionV2\x64\Debug\CL.12916.read.1.tlog
C:\Users\Steven\Documents\FYP_Programs\BinaryHandDetectionV2\x64\Debug\CL.12916.write.1.tlog
C:\Users\Steven\Documents\FYP_Programs\BinaryHandDetectionV2\x64\Debug\CL.9756.read.1.tlog
C:\Users\Steven\Documents\FYP_Programs\BinaryHandDetectionV2\x64\Debug\CL.9756.write.1.tlog
C:\Users\Steven\Documents\FYP_Programs\BinaryHandDetectionV2\x64\Debug\cl.command.1.tlog
C:\Users\Steven\Documents\FYP_Programs\BinaryHandDetectionV2\x64\Debug\CL.read.1.tlog
C:\Users\Steven\Documents\FYP_Programs\BinaryHandDetectionV2\x64\Debug\cl.write.1.tlog
C:\Users\Steven\Documents\FYP_Programs\BinaryHandDetectionV2\x64\Debug\link-cvtres.read.1.tlog
C:\Users\Steven\Documents\FYP_Programs\BinaryHandDetectionV2\x64\Debug\link-cvtres.write.1.tlog
C:\Users\Steven\Documents\FYP_Programs\BinaryHandDetectionV2\x64\Debug\link-rc.read.1.tlog
C:\Users\Steven\Documents\FYP_Programs\BinaryHandDetectionV2\x64\Debug\link-rc.write.1.tlog
C:\Users\Steven\Documents\FYP_Programs\BinaryHandDetectionV2\x64\Debug\link.command.1.tlog
C:\Users\Steven\Documents\FYP_Programs\BinaryHandDetectionV2\x64\Debug\link.read.1.tlog
C:\Users\Steven\Documents\FYP_Programs\BinaryHandDetectionV2\x64\Debug\link.write.1.tlog
C:\Users\Steven\Documents\FYP_Programs\BinaryHandDetectionV2\x64\Debug\FYPDepthViewer.pdb
C:\Users\Steven\Documents\FYP_Programs\BinaryHandDetectionV2\x64\Debug\OpenNI2.jni.pdb
C:\Users\Steven\Documents\FYP_Programs\BinaryHandDetectionV2\x64\Debug\OpenNI2.pdb
C:\Users\Steven\Documents\FYP_Programs\BinaryHandDetectionV2\x64\Debug\vc110.pdb
C:\Users\Steven\Documents\FYP_Programs\BinaryHandDetectionV2\x64\Debug\FYPDepthViewer.exe
