C:\USERS\STEVEN\DOCUMENTS\FYP_PROGRAMS\PATHVIEWER\X64\DEBUG\VC110.PDB
C:\USERS\STEVEN\DOCUMENTS\FYP_PROGRAMS\PATHVIEWER\X64\DEBUG\PATHVIEWER.ILK
C:\USERS\STEVEN\DOCUMENTS\FYP_PROGRAMS\PATHVIEWER\X64\DEBUG\PATHVIEWER.EXE
C:\USERS\STEVEN\DOCUMENTS\FYP_PROGRAMS\PATHVIEWER\X64\DEBUG\PATHVIEWER.PDB
C:\Users\Steven\Documents\FYP_Programs\PathViewer\x64\Debug\main.obj
C:\Users\Steven\Documents\FYP_Programs\PathViewer\x64\Debug\PathViewer.obj
C:\Users\Steven\Documents\FYP_Programs\PathViewer\x64\Debug\PathViewer.ilk
C:\Users\Steven\Documents\FYP_Programs\PathViewer\x64\Debug\CL.3688.read.1.tlog
C:\Users\Steven\Documents\FYP_Programs\PathViewer\x64\Debug\CL.3688.write.1.tlog
C:\Users\Steven\Documents\FYP_Programs\PathViewer\x64\Debug\CL.9524.read.1.tlog
C:\Users\Steven\Documents\FYP_Programs\PathViewer\x64\Debug\CL.9524.write.1.tlog
C:\Users\Steven\Documents\FYP_Programs\PathViewer\x64\Debug\cl.command.1.tlog
C:\Users\Steven\Documents\FYP_Programs\PathViewer\x64\Debug\CL.read.1.tlog
C:\Users\Steven\Documents\FYP_Programs\PathViewer\x64\Debug\cl.write.1.tlog
C:\Users\Steven\Documents\FYP_Programs\PathViewer\x64\Debug\link-cvtres.read.1.tlog
C:\Users\Steven\Documents\FYP_Programs\PathViewer\x64\Debug\link-cvtres.write.1.tlog
C:\Users\Steven\Documents\FYP_Programs\PathViewer\x64\Debug\link-rc.read.1.tlog
C:\Users\Steven\Documents\FYP_Programs\PathViewer\x64\Debug\link-rc.write.1.tlog
C:\Users\Steven\Documents\FYP_Programs\PathViewer\x64\Debug\link.command.1.tlog
C:\Users\Steven\Documents\FYP_Programs\PathViewer\x64\Debug\link.read.1.tlog
C:\Users\Steven\Documents\FYP_Programs\PathViewer\x64\Debug\link.write.1.tlog
C:\Users\Steven\Documents\FYP_Programs\PathViewer\x64\Debug\OpenNI2.jni.pdb
C:\Users\Steven\Documents\FYP_Programs\PathViewer\x64\Debug\OpenNI2.pdb
C:\Users\Steven\Documents\FYP_Programs\PathViewer\x64\Debug\PathViewer.pdb
C:\Users\Steven\Documents\FYP_Programs\PathViewer\x64\Debug\vc110.pdb
C:\Users\Steven\Documents\FYP_Programs\PathViewer\x64\Debug\PathViewer.exe
